Build started 5/20/2014 10:05:31 PM.
     1>Project "C:\Users\Leo\workspace\Mandelbulb\Mandelbulb\Mandelbulb.vcxproj" on node 2 (build target(s)).
     1>InitializeBuildStatus:
         Creating "Debug\Mandelbulb.unsuccessfulbuild" because "AlwaysCreate" was specified.
       ClCompile:
         C:\Program Files (x86)\Microsoft Visual Studio 10.0\VC\bin\CL.exe /c /ZI /nologo /W3 /WX- /Od /Oy- /D _MBCS /Gm /EHsc /RTC1 /MDd /GS /fp:precise /Zc:wchar_t /Zc:forScope /Fo"Debug\\" /Fd"Debug\vc100.pdb" /Gd /TP /analyze- /errorReport:prompt Mandelbulb.cpp
         Mandelbulb.cpp
     1>c:\users\leo\workspace\mandelbulb\mandelbulb\mandelbulb.h(78): warning C4244: '+=' : conversion from 'double' to 'float', possible loss of data
     1>c:\users\leo\workspace\mandelbulb\mandelbulb\mandelbulb.h(97): warning C4244: '-=' : conversion from 'double' to 'float', possible loss of data
     1>c:\users\leo\workspace\mandelbulb\mandelbulb\mandelbulb.h(124): warning C4244: '+=' : conversion from 'double' to 'float', possible loss of data
     1>c:\users\leo\workspace\mandelbulb\mandelbulb\mandelbulb.h(143): warning C4244: '-=' : conversion from 'double' to 'float', possible loss of data
     1>c:\users\leo\workspace\mandelbulb\mandelbulb\mandelbulb.h(170): warning C4244: '+=' : conversion from 'double' to 'float', possible loss of data
     1>c:\users\leo\workspace\mandelbulb\mandelbulb\mandelbulb.h(189): warning C4244: '-=' : conversion from 'double' to 'float', possible loss of data
     1>c:\users\leo\workspace\mandelbulb\mandelbulb\mandelbulb.h(210): warning C4244: '=' : conversion from 'double' to 'float', possible loss of data
     1>c:\users\leo\workspace\mandelbulb\mandelbulb\mandelbulb.h(211): warning C4244: '=' : conversion from 'double' to 'float', possible loss of data
     1>c:\users\leo\workspace\mandelbulb\mandelbulb\mandelbulb.h(212): warning C4244: '=' : conversion from 'double' to 'float', possible loss of data
     1>c:\users\leo\workspace\mandelbulb\mandelbulb\camera.h(57): warning C4244: '=' : conversion from 'double' to 'float', possible loss of data
     1>c:\users\leo\workspace\mandelbulb\mandelbulb\camera.h(80): warning C4244: 'initializing' : conversion from 'double' to 'float', possible loss of data
     1>c:\users\leo\workspace\mandelbulb\mandelbulb\mandelbulb.cpp(27): warning C4305: 'initializing' : truncation from 'double' to 'float'
     1>c:\users\leo\workspace\mandelbulb\mandelbulb\mandelbulb.cpp(44): warning C4305: 'argument' : truncation from 'double' to 'float'
       Link:
         C:\Program Files (x86)\Microsoft Visual Studio 10.0\VC\bin\link.exe /ERRORREPORT:PROMPT /OUT:"C:\Users\Leo\workspace\Mandelbulb\Debug\Mandelbulb.exe" /NOLOGO /LIBPATH:C:\Libraries\include\gl opengl32.lib glu32.lib glut32.lib kernel32.lib user32.lib gdi32.lib winspool.lib comdlg32.lib advapi32.lib shell32.lib ole32.lib oleaut32.lib uuid.lib odbc32.lib odbccp32.lib /MANIFEST /ManifestFile:"Debug\Mandelbulb.exe.intermediate.manifest" /MANIFESTUAC:"level='asInvoker' uiAccess='false'" /DEBUG /PDB:"C:\Users\Leo\workspace\Mandelbulb\Debug\Mandelbulb.pdb" /TLBID:1 /DYNAMICBASE /NXCOMPAT /IMPLIB:"C:\Users\Leo\workspace\Mandelbulb\Debug\Mandelbulb.lib" /MACHINE:X86 Debug\Mandelbulb.obj
         LINK : C:\Users\Leo\workspace\Mandelbulb\Debug\Mandelbulb.exe not found or not built by the last incremental link; performing full link
         Mandelbulb.vcxproj -> C:\Users\Leo\workspace\Mandelbulb\Debug\Mandelbulb.exe
       Manifest:
         C:\Program Files (x86)\Microsoft SDKs\Windows\v7.0A\bin\mt.exe /nologo /verbose /outputresource:"C:\Users\Leo\workspace\Mandelbulb\Debug\Mandelbulb.exe;#1" /manifest Debug\Mandelbulb.exe.intermediate.manifest
       FinalizeBuildStatus:
         Deleting file "Debug\Mandelbulb.unsuccessfulbuild".
         Touching "Debug\Mandelbulb.lastbuildstate".
     1>Done Building Project "C:\Users\Leo\workspace\Mandelbulb\Mandelbulb\Mandelbulb.vcxproj" (build target(s)).

Build succeeded.

Time Elapsed 00:00:04.87
